2024-06-18T22:33:54 ACTION: Build CiAVRWasaU started
2024-06-18T22:33:54 ACTION: Creating dependency cmake wrapper
2024-06-18T22:33:54 ACTION: /usr/bin/cmake
                    /mnt/c/Users/famal/Documents/Research/CellworldServer/main/cpp/cmake-build-debug/git-dependencies
                    -DDEPENDENCIES_BUILD_NUMBER=CiAVRWasaU
                    -DDEPENDENCIES_LOG_FILE='/mnt/c/Users/famal/Documents/Research/CellworldServer/main/cpp/cmake-build-debug/git-dependencies.log'
                    -DBUILD_AS_DEPENDENCY=TRUE
                    -DDEPENDENCIES_DESTINATION='/mnt/c/Users/famal/Documents/Research/CellworldServer/main/cpp/cmake-build-debug/git-dependencies'
                    -DDEPENDENCIES_FOLDER='/mnt/c/Users/famal/Documents/Research/CellworldServer/main/cpp/git-dependencies'
                    --no-warn-unused-cli
                    -DCMAKE_BUILD_TYPE=Debug
                    -Wno-dev
                    -DCATCH_TESTS=DISABLED
                    -DCONNECT_ALL_DEPENDENCIES=OFF
                    -DDEPENDENCY='cellworld_experiment_service'
                    
2024-06-18T22:33:56 ACTION: /usr/bin/cmake
                    /mnt/c/Users/famal/Documents/Research/CellworldServer/main/cpp/cmake-build-debug/git-dependencies
                    -DDEPENDENCIES_BUILD_NUMBER=CiAVRWasaU
                    -DDEPENDENCIES_LOG_FILE='/mnt/c/Users/famal/Documents/Research/CellworldServer/main/cpp/cmake-build-debug/git-dependencies.log'
                    -DBUILD_AS_DEPENDENCY=TRUE
                    -DDEPENDENCIES_DESTINATION='/mnt/c/Users/famal/Documents/Research/CellworldServer/main/cpp/cmake-build-debug/git-dependencies'
                    -DDEPENDENCIES_FOLDER='/mnt/c/Users/famal/Documents/Research/CellworldServer/main/cpp/git-dependencies'
                    --no-warn-unused-cli
                    -DCMAKE_BUILD_TYPE=Debug
                    -Wno-dev
                    -DCATCH_TESTS=DISABLED
                    -DCONNECT_ALL_DEPENDENCIES=OFF
                    -DDEPENDENCY='cellworld'
                    
2024-06-18T22:33:58 ACTION: /usr/bin/cmake
                    /mnt/c/Users/famal/Documents/Research/CellworldServer/main/cpp/cmake-build-debug/git-dependencies
                    -DDEPENDENCIES_BUILD_NUMBER=CiAVRWasaU
                    -DDEPENDENCIES_LOG_FILE='/mnt/c/Users/famal/Documents/Research/CellworldServer/main/cpp/cmake-build-debug/git-dependencies.log'
                    -DBUILD_AS_DEPENDENCY=TRUE
                    -DDEPENDENCIES_DESTINATION='/mnt/c/Users/famal/Documents/Research/CellworldServer/main/cpp/cmake-build-debug/git-dependencies'
                    -DDEPENDENCIES_FOLDER='/mnt/c/Users/famal/Documents/Research/CellworldServer/main/cpp/git-dependencies'
                    --no-warn-unused-cli
                    -DCMAKE_BUILD_TYPE=Debug
                    -Wno-dev
                    -DCATCH_TESTS=DISABLED
                    -DCONNECT_ALL_DEPENDENCIES=OFF
                    -DDEPENDENCY='dependency_json-cpp'
                    
2024-06-18T22:34:01 RESULT: 0
2024-06-18T22:34:01 RESULT: Not searching for unused variables given on the command line.
-- The C compiler identification is GNU 11.4.0
-- The CXX compiler identification is GNU 11.4.0
-- Detecting C compiler ABI info
-- Detecting C compiler ABI info - done
-- Check for working C compiler: /usr/bin/cc - skipped
-- Detecting C compile features
-- Detecting C compile features - done
-- Detecting CXX compiler ABI info
-- Detecting CXX compiler ABI info - done
-- Check for working CXX compiler: /usr/bin/g++-11 - skipped
-- Detecting CXX compile features
-- Detecting CXX compile features - done
-- Found GIT: /usr/lib/git-core/git (found version "2.34.1")
-- Configuring done
-- Generating done
-- Build files have been written to: /mnt/c/Users/famal/Documents/Research/CellworldServer/main/cpp/cmake-build-debug/git-dependencies/dependency_json-cpp

2024-06-18T22:34:01 ACTION: /usr/bin/cmake --build /mnt/c/Users/famal/Documents/Research/CellworldServer/main/cpp/cmake-build-debug/git-dependencies/dependency_json-cpp --target all -j
2024-06-18T22:34:02 RESULT: 0
2024-06-18T22:34:02 RESULT: [ 22%] Building CXX object build/CMakeFiles/json-cpp.dir/src/json_base.cpp.o
[ 22%] Building CXX object build/CMakeFiles/json-cpp.dir/src/json_base64.cpp.o
[ 33%] Building CXX object build/CMakeFiles/json-cpp.dir/src/json_buffer.cpp.o
[ 44%] Building CXX object build/CMakeFiles/json-cpp.dir/src/json_util.cpp.o
[ 66%] Building CXX object build/CMakeFiles/json-cpp.dir/src/json_object.cpp.o
[ 66%] Building CXX object build/CMakeFiles/json-cpp.dir/src/json_builder.cpp.o
[ 88%] Building CXX object build/CMakeFiles/json-cpp.dir/src/json_date.cpp.o
[ 88%] Building CXX object build/CMakeFiles/json-cpp.dir/src/json_dictionary.cpp.o
[100%] Linking CXX static library libjson-cpp.a
[100%] Built target json-cpp

2024-06-18T22:34:02 ACTION: Importing json-cpp from Json-cpp
2024-06-18T22:34:02 ACTION: /usr/bin/cmake
                    /mnt/c/Users/famal/Documents/Research/CellworldServer/main/cpp/cmake-build-debug/git-dependencies
                    -DDEPENDENCIES_BUILD_NUMBER=CiAVRWasaU
                    -DDEPENDENCIES_LOG_FILE='/mnt/c/Users/famal/Documents/Research/CellworldServer/main/cpp/cmake-build-debug/git-dependencies.log'
                    -DBUILD_AS_DEPENDENCY=TRUE
                    -DDEPENDENCIES_DESTINATION='/mnt/c/Users/famal/Documents/Research/CellworldServer/main/cpp/cmake-build-debug/git-dependencies'
                    -DDEPENDENCIES_FOLDER='/mnt/c/Users/famal/Documents/Research/CellworldServer/main/cpp/git-dependencies'
                    --no-warn-unused-cli
                    -DCMAKE_BUILD_TYPE=Debug
                    -Wno-dev
                    -DCATCH_TESTS=DISABLED
                    -DCONNECT_ALL_DEPENDENCIES=OFF
                    -DDEPENDENCY='dependency_requests'
                    
2024-06-18T22:34:05 RESULT: 0
2024-06-18T22:34:05 RESULT: Not searching for unused variables given on the command line.
-- The C compiler identification is GNU 11.4.0
-- The CXX compiler identification is GNU 11.4.0
-- Detecting C compiler ABI info
-- Detecting C compiler ABI info - done
-- Check for working C compiler: /usr/bin/cc - skipped
-- Detecting C compile features
-- Detecting C compile features - done
-- Detecting CXX compiler ABI info
-- Detecting CXX compiler ABI info - done
-- Check for working CXX compiler: /usr/bin/g++-11 - skipped
-- Detecting CXX compile features
-- Detecting CXX compile features - done
-- Found CURL: /usr/lib/x86_64-linux-gnu/libcurl.so (found version "7.81.0")  
-- Configuring done
-- Generating done
-- Build files have been written to: /mnt/c/Users/famal/Documents/Research/CellworldServer/main/cpp/cmake-build-debug/git-dependencies/dependency_requests

2024-06-18T22:34:05 ACTION: /usr/bin/cmake --build /mnt/c/Users/famal/Documents/Research/CellworldServer/main/cpp/cmake-build-debug/git-dependencies/dependency_requests --target all -j
2024-06-18T22:34:05 RESULT: 0
2024-06-18T22:34:05 RESULT: [ 33%] Building CXX object build/CMakeFiles/requests.dir/src/request.cpp.o
[ 66%] Building CXX object build/CMakeFiles/requests.dir/src/response.cpp.o
[100%] Linking CXX static library librequests.a
[100%] Built target requests

2024-06-18T22:34:05 ACTION: Importing requests from Requests
2024-06-18T22:34:06 RESULT: 0
2024-06-18T22:34:06 RESULT: Not searching for unused variables given on the command line.
-- The C compiler identification is GNU 11.4.0
-- The CXX compiler identification is GNU 11.4.0
-- Detecting C compiler ABI info
-- Detecting C compiler ABI info - done
-- Check for working C compiler: /usr/bin/cc - skipped
-- Detecting C compile features
-- Detecting C compile features - done
-- Detecting CXX compiler ABI info
-- Detecting CXX compiler ABI info - done
-- Check for working CXX compiler: /usr/bin/g++-11 - skipped
-- Detecting CXX compile features
-- Detecting CXX compile features - done
-- Found GIT: /usr/lib/git-core/git (found version "2.34.1")
-- Configuring done
-- Generating done
-- Build files have been written to: /mnt/c/Users/famal/Documents/Research/CellworldServer/main/cpp/cmake-build-debug/git-dependencies/cellworld

2024-06-18T22:34:06 ACTION: /usr/bin/cmake --build /mnt/c/Users/famal/Documents/Research/CellworldServer/main/cpp/cmake-build-debug/git-dependencies/cellworld --target all -j
2024-06-18T22:34:15 RESULT: 0
2024-06-18T22:34:15 RESULT: [  8%] Building CXX object build/CMakeFiles/cellworld.dir/src/frame.cpp.o
[  8%] Building CXX object build/CMakeFiles/cellworld.dir/src/agent.cpp.o
[ 12%] Building CXX object build/CMakeFiles/cellworld.dir/src/cell_group.cpp.o
[ 20%] Building CXX object build/CMakeFiles/cellworld.dir/src/connection.cpp.o
[ 20%] Building CXX object build/CMakeFiles/cellworld.dir/src/coordinates.cpp.o
[ 24%] Building CXX object build/CMakeFiles/cellworld.dir/src/location.cpp.o
[ 32%] Building CXX object build/CMakeFiles/cellworld.dir/src/geometry.cpp.o
[ 36%] Building CXX object build/CMakeFiles/cellworld.dir/src/transformation.cpp.o
[ 40%] Building CXX object build/CMakeFiles/cellworld.dir/src/core.cpp.o
[ 44%] Building CXX object build/CMakeFiles/cellworld.dir/src/cell.cpp.o
[ 48%] Building CXX object build/CMakeFiles/cellworld.dir/src/model.cpp.o
[ 52%] Building CXX object build/CMakeFiles/cellworld.dir/src/shape.cpp.o
[ 56%] Building CXX object build/CMakeFiles/cellworld.dir/src/chance.cpp.o
[ 60%] Building CXX object build/CMakeFiles/cellworld.dir/src/visibility.cpp.o
[ 64%] Building CXX object build/CMakeFiles/cellworld.dir/src/world.cpp.o
[ 64%] Building CXX object build/CMakeFiles/cellworld.dir/src/graph.cpp.o
[ 72%] Building CXX object build/CMakeFiles/cellworld.dir/src/state.cpp.o
[ 72%] Building CXX object build/CMakeFiles/cellworld.dir/src/paths.cpp.o
[ 80%] Building CXX object build/CMakeFiles/cellworld.dir/src/capture.cpp.o
[ 80%] Building CXX object build/CMakeFiles/cellworld.dir/src/map.cpp.o
[ 84%] Building CXX object build/CMakeFiles/cellworld.dir/src/peeking.cpp.o
[ 92%] Building CXX object build/CMakeFiles/cellworld.dir/src/experiment.cpp.o
[ 92%] Building CXX object build/CMakeFiles/cellworld.dir/src/pose.cpp.o
[ 96%] Building CXX object build/CMakeFiles/cellworld.dir/src/resources.cpp.o
[100%] Linking CXX static library libcellworld.a
[100%] Built target cellworld

2024-06-18T22:34:15 ACTION: Importing cellworld from Cellworld
2024-06-18T22:34:15 ACTION: Importing json-cpp from Cellworld
2024-06-18T22:34:15 ACTION: Importing requests from Cellworld
2024-06-18T22:34:15 ACTION: /usr/bin/cmake
                    /mnt/c/Users/famal/Documents/Research/CellworldServer/main/cpp/cmake-build-debug/git-dependencies
                    -DDEPENDENCIES_BUILD_NUMBER=CiAVRWasaU
                    -DDEPENDENCIES_LOG_FILE='/mnt/c/Users/famal/Documents/Research/CellworldServer/main/cpp/cmake-build-debug/git-dependencies.log'
                    -DBUILD_AS_DEPENDENCY=TRUE
                    -DDEPENDENCIES_DESTINATION='/mnt/c/Users/famal/Documents/Research/CellworldServer/main/cpp/cmake-build-debug/git-dependencies'
                    -DDEPENDENCIES_FOLDER='/mnt/c/Users/famal/Documents/Research/CellworldServer/main/cpp/git-dependencies'
                    --no-warn-unused-cli
                    -DCMAKE_BUILD_TYPE=Debug
                    -Wno-dev
                    -DCATCH_TESTS=DISABLED
                    -DCONNECT_ALL_DEPENDENCIES=OFF
                    -DDEPENDENCY='cellworld_agent_tracking'
                    
2024-06-18T22:34:17 ACTION: /usr/bin/cmake
                    /mnt/c/Users/famal/Documents/Research/CellworldServer/main/cpp/cmake-build-debug/git-dependencies
                    -DDEPENDENCIES_BUILD_NUMBER=CiAVRWasaU
                    -DDEPENDENCIES_LOG_FILE='/mnt/c/Users/famal/Documents/Research/CellworldServer/main/cpp/cmake-build-debug/git-dependencies.log'
                    -DBUILD_AS_DEPENDENCY=TRUE
                    -DDEPENDENCIES_DESTINATION='/mnt/c/Users/famal/Documents/Research/CellworldServer/main/cpp/cmake-build-debug/git-dependencies'
                    -DDEPENDENCIES_FOLDER='/mnt/c/Users/famal/Documents/Research/CellworldServer/main/cpp/git-dependencies'
                    --no-warn-unused-cli
                    -DCMAKE_BUILD_TYPE=Debug
                    -Wno-dev
                    -DCATCH_TESTS=DISABLED
                    -DCONNECT_ALL_DEPENDENCIES=OFF
                    -DDEPENDENCY='dependency_tcp-messages'
                    
2024-06-18T22:34:19 ACTION: Importing json-cpp from Json-cpp
2024-06-18T22:34:19 ACTION: /usr/bin/cmake
                    /mnt/c/Users/famal/Documents/Research/CellworldServer/main/cpp/cmake-build-debug/git-dependencies
                    -DDEPENDENCIES_BUILD_NUMBER=CiAVRWasaU
                    -DDEPENDENCIES_LOG_FILE='/mnt/c/Users/famal/Documents/Research/CellworldServer/main/cpp/cmake-build-debug/git-dependencies.log'
                    -DBUILD_AS_DEPENDENCY=TRUE
                    -DDEPENDENCIES_DESTINATION='/mnt/c/Users/famal/Documents/Research/CellworldServer/main/cpp/cmake-build-debug/git-dependencies'
                    -DDEPENDENCIES_FOLDER='/mnt/c/Users/famal/Documents/Research/CellworldServer/main/cpp/git-dependencies'
                    --no-warn-unused-cli
                    -DCMAKE_BUILD_TYPE=Debug
                    -Wno-dev
                    -DCATCH_TESTS=DISABLED
                    -DCONNECT_ALL_DEPENDENCIES=OFF
                    -DDEPENDENCY='dependency_easy-tcp'
                    
2024-06-18T22:34:22 RESULT: 0
2024-06-18T22:34:22 RESULT: Not searching for unused variables given on the command line.
-- The C compiler identification is GNU 11.4.0
-- The CXX compiler identification is GNU 11.4.0
-- Detecting C compiler ABI info
-- Detecting C compiler ABI info - done
-- Check for working C compiler: /usr/bin/cc - skipped
-- Detecting C compile features
-- Detecting C compile features - done
-- Detecting CXX compiler ABI info
-- Detecting CXX compiler ABI info - done
-- Check for working CXX compiler: /usr/bin/g++-11 - skipped
-- Detecting CXX compile features
-- Detecting CXX compile features - done
-- Found GIT: /usr/lib/git-core/git (found version "2.34.1")
-- Looking for pthread.h
-- Looking for pthread.h - found
-- Performing Test CMAKE_HAVE_LIBC_PTHREAD
-- Performing Test CMAKE_HAVE_LIBC_PTHREAD - Success
-- Found Threads: TRUE  
-- Configuring done
-- Generating done
-- Build files have been written to: /mnt/c/Users/famal/Documents/Research/CellworldServer/main/cpp/cmake-build-debug/git-dependencies/dependency_easy-tcp

2024-06-18T22:34:22 ACTION: /usr/bin/cmake --build /mnt/c/Users/famal/Documents/Research/CellworldServer/main/cpp/cmake-build-debug/git-dependencies/dependency_easy-tcp --target all -j
2024-06-18T22:34:23 RESULT: 0
2024-06-18T22:34:23 RESULT: [ 20%] Building CXX object build/CMakeFiles/easy-tcp.dir/src/listener.cpp.o
[ 40%] Building CXX object build/CMakeFiles/easy-tcp.dir/src/connection.cpp.o
[ 80%] Building CXX object build/CMakeFiles/easy-tcp.dir/src/service.cpp.o
[ 80%] Building CXX object build/CMakeFiles/easy-tcp.dir/src/client.cpp.o
[100%] Linking CXX static library libeasy-tcp.a
[100%] Built target easy-tcp

2024-06-18T22:34:23 ACTION: Importing easy-tcp from Easy-tcp
2024-06-18T22:34:23 RESULT: 0
2024-06-18T22:34:23 RESULT: Not searching for unused variables given on the command line.
-- The C compiler identification is GNU 11.4.0
-- The CXX compiler identification is GNU 11.4.0
-- Detecting C compiler ABI info
-- Detecting C compiler ABI info - done
-- Check for working C compiler: /usr/bin/cc - skipped
-- Detecting C compile features
-- Detecting C compile features - done
-- Detecting CXX compiler ABI info
-- Detecting CXX compiler ABI info - done
-- Check for working CXX compiler: /usr/bin/g++-11 - skipped
-- Detecting CXX compile features
-- Detecting CXX compile features - done
-- Found GIT: /usr/lib/git-core/git (found version "2.34.1")
-- Configuring done
-- Generating done
-- Build files have been written to: /mnt/c/Users/famal/Documents/Research/CellworldServer/main/cpp/cmake-build-debug/git-dependencies/dependency_tcp-messages

2024-06-18T22:34:23 ACTION: /usr/bin/cmake --build /mnt/c/Users/famal/Documents/Research/CellworldServer/main/cpp/cmake-build-debug/git-dependencies/dependency_tcp-messages --target all -j
2024-06-18T22:34:27 RESULT: 0
2024-06-18T22:34:27 RESULT: [ 14%] Building CXX object build/CMakeFiles/tcp_messages.dir/src/message.cpp.o
[ 28%] Building CXX object build/CMakeFiles/tcp_messages.dir/src/message_client.cpp.o
[ 57%] Building CXX object build/CMakeFiles/tcp_messages.dir/src/message_router.cpp.o
[ 85%] Building CXX object build/CMakeFiles/tcp_messages.dir/src/message_server.cpp.o
[ 85%] Building CXX object build/CMakeFiles/tcp_messages.dir/src/message_list.cpp.o
[ 85%] Building CXX object build/CMakeFiles/tcp_messages.dir/src/message_event.cpp.o
[100%] Linking CXX static library libtcp_messages.a
[100%] Built target tcp_messages

2024-06-18T22:34:27 ACTION: Importing tcp_messages from Tcp_messages
2024-06-18T22:34:27 ACTION: Importing json-cpp from Tcp_messages
2024-06-18T22:34:27 ACTION: Importing easy-tcp from Tcp_messages
2024-06-18T22:34:27 ACTION: Importing cellworld from Cellworld
2024-06-18T22:34:27 ACTION: Importing requests from Cellworld
2024-06-18T22:34:27 RESULT: 0
2024-06-18T22:34:27 RESULT: Not searching for unused variables given on the command line.
-- The C compiler identification is GNU 11.4.0
-- The CXX compiler identification is GNU 11.4.0
-- Detecting C compiler ABI info
-- Detecting C compiler ABI info - done
-- Check for working C compiler: /usr/bin/cc - skipped
-- Detecting C compile features
-- Detecting C compile features - done
-- Detecting CXX compiler ABI info
-- Detecting CXX compiler ABI info - done
-- Check for working CXX compiler: /usr/bin/g++-11 - skipped
-- Detecting CXX compile features
-- Detecting CXX compile features - done
-- Found GIT: /usr/lib/git-core/git (found version "2.34.1")
-- Configuring done
-- Generating done
-- Build files have been written to: /mnt/c/Users/famal/Documents/Research/CellworldServer/main/cpp/cmake-build-debug/git-dependencies/cellworld_agent_tracking

2024-06-18T22:34:27 ACTION: /usr/bin/cmake --build /mnt/c/Users/famal/Documents/Research/CellworldServer/main/cpp/cmake-build-debug/git-dependencies/cellworld_agent_tracking --target all -j
2024-06-18T22:34:34 RESULT: 0
2024-06-18T22:34:34 RESULT: [ 33%] Building CXX object build/CMakeFiles/agent_tracking.dir/src/tracking_service.cpp.o
[ 66%] Building CXX object build/CMakeFiles/agent_tracking.dir/src/tracking_client.cpp.o
[100%] Linking CXX static library libagent_tracking.a
[100%] Built target agent_tracking

2024-06-18T22:34:34 ACTION: Importing agent_tracking from Agent_tracking
2024-06-18T22:34:34 ACTION: Importing tcp_messages from Agent_tracking
2024-06-18T22:34:34 ACTION: Importing easy-tcp from Agent_tracking
2024-06-18T22:34:34 ACTION: /usr/bin/cmake
                    /mnt/c/Users/famal/Documents/Research/CellworldServer/main/cpp/cmake-build-debug/git-dependencies
                    -DDEPENDENCIES_BUILD_NUMBER=CiAVRWasaU
                    -DDEPENDENCIES_LOG_FILE='/mnt/c/Users/famal/Documents/Research/CellworldServer/main/cpp/cmake-build-debug/git-dependencies.log'
                    -DBUILD_AS_DEPENDENCY=TRUE
                    -DDEPENDENCIES_DESTINATION='/mnt/c/Users/famal/Documents/Research/CellworldServer/main/cpp/cmake-build-debug/git-dependencies'
                    -DDEPENDENCIES_FOLDER='/mnt/c/Users/famal/Documents/Research/CellworldServer/main/cpp/git-dependencies'
                    --no-warn-unused-cli
                    -DCMAKE_BUILD_TYPE=Debug
                    -Wno-dev
                    -DCATCH_TESTS=DISABLED
                    -DCONNECT_ALL_DEPENDENCIES=OFF
                    -DDEPENDENCY='dependency_perf-analysis'
                    
2024-06-18T22:34:36 RESULT: 0
2024-06-18T22:34:36 RESULT: Not searching for unused variables given on the command line.
-- The C compiler identification is GNU 11.4.0
-- The CXX compiler identification is GNU 11.4.0
-- Detecting C compiler ABI info
-- Detecting C compiler ABI info - done
-- Check for working C compiler: /usr/bin/cc - skipped
-- Detecting C compile features
-- Detecting C compile features - done
-- Detecting CXX compiler ABI info
-- Detecting CXX compiler ABI info - done
-- Check for working CXX compiler: /usr/bin/g++-11 - skipped
-- Detecting CXX compile features
-- Detecting CXX compile features - done
-- Configuring done
-- Generating done
-- Build files have been written to: /mnt/c/Users/famal/Documents/Research/CellworldServer/main/cpp/cmake-build-debug/git-dependencies/dependency_perf-analysis

2024-06-18T22:34:36 ACTION: /usr/bin/cmake --build /mnt/c/Users/famal/Documents/Research/CellworldServer/main/cpp/cmake-build-debug/git-dependencies/dependency_perf-analysis --target all -j
2024-06-18T22:34:37 RESULT: 0
2024-06-18T22:34:37 RESULT: [ 50%] Building CXX object build/CMakeFiles/perf-analysis.dir/src/performance.cpp.o
[100%] Linking CXX static library libperf-analysis.a
[100%] Built target perf-analysis

2024-06-18T22:34:37 ACTION: Importing perf-analysis from Perf-analysis
2024-06-18T22:34:37 RESULT: 0
2024-06-18T22:34:37 RESULT: Not searching for unused variables given on the command line.
-- The C compiler identification is GNU 11.4.0
-- The CXX compiler identification is GNU 11.4.0
-- Detecting C compiler ABI info
-- Detecting C compiler ABI info - done
-- Check for working C compiler: /usr/bin/cc - skipped
-- Detecting C compile features
-- Detecting C compile features - done
-- Detecting CXX compiler ABI info
-- Detecting CXX compiler ABI info - done
-- Check for working CXX compiler: /usr/bin/g++-11 - skipped
-- Detecting CXX compile features
-- Detecting CXX compile features - done
-- Found GIT: /usr/lib/git-core/git (found version "2.34.1")
-- Configuring done
-- Generating done
-- Build files have been written to: /mnt/c/Users/famal/Documents/Research/CellworldServer/main/cpp/cmake-build-debug/git-dependencies/cellworld_experiment_service

2024-06-18T22:34:37 ACTION: /usr/bin/cmake --build /mnt/c/Users/famal/Documents/Research/CellworldServer/main/cpp/cmake-build-debug/git-dependencies/cellworld_experiment_service --target all -j
2024-06-18T22:34:44 RESULT: 0
2024-06-18T22:34:44 RESULT: [ 33%] Building CXX object build/CMakeFiles/experiment_service.dir/src/experiment_client.cpp.o
[ 66%] Building CXX object build/CMakeFiles/experiment_service.dir/src/experiment_service.cpp.o
[100%] Linking CXX static library libexperiment_service.a
[100%] Built target experiment_service

2024-06-18T22:34:44 ACTION: Importing json-cpp from Cellworld-Experiment-Service
2024-06-18T22:34:44 ACTION: Importing cellworld from Cellworld-Experiment-Service
2024-06-18T22:34:44 ACTION: Importing requests from Cellworld-Experiment-Service
2024-06-18T22:34:44 ACTION: Importing experiment_service from Cellworld-Experiment-Service
2024-06-18T22:34:44 ACTION: Importing perf-analysis from Cellworld-Experiment-Service
2024-06-18T22:34:44 ACTION: Importing tcp_messages from Cellworld-Experiment-Service
2024-06-18T22:34:44 ACTION: Importing easy-tcp from Cellworld-Experiment-Service
2024-06-18T22:34:44 ACTION: Importing agent_tracking from Cellworld-Tracking-Service
